<?xml version="1.0" encoding="UTF-8"?>
<!-- Generated by org.testng.reporters.JUnitXMLReporter -->
<testsuite ignored="3" hostname="DESKTOP-FBE7IIT" failures="0" tests="1" name="Default test" time="17.479" errors="0" timestamp="2023-11-04T11:10:52 IST">
  <testcase classname="api.test.UserTests" name="testCreateUser" time="14.288"/>
  <testcase classname="api.test.UserTests" name="testUpdateUser" time="0.0">
    <ignored/>
  </testcase> <!-- testUpdateUser -->
  <testcase classname="api.test.UserTests" name="testReadUser" time="0.0">
    <ignored/>
  </testcase> <!-- testReadUser -->
  <testcase classname="api.test.UserTests" name="testDeleteUser" time="0.0">
    <ignored/>
  </testcase> <!-- testDeleteUser -->
</testsuite> <!-- Default test -->
