<?xml version="1.0" encoding="UTF-8"?>
<testng-results ignored="0" total="4" passed="4" failed="0" skipped="0">
  <reporter-output>
  </reporter-output>
  <suite started-at="2023-11-05T08:14:53 IST" name="PetSuite" finished-at="2023-11-05T08:15:04 IST" duration-ms="10946">
    <groups>
    </groups>
    <test started-at="2023-11-05T08:14:53 IST" name="PetTests" finished-at="2023-11-05T08:15:04 IST" duration-ms="10946">
      <class name="api.test.UserTests">
        <test-method is-config="true" signature="setupData()[pri:0, instance:api.test.UserTests@48fa0f47]" started-at="2023-11-05T08:14:53 IST" name="setupData" finished-at="2023-11-05T08:14:55 IST" duration-ms="1238" status="PASS">
          <reporter-output>
          </reporter-output>
        </test-method> <!-- setupData -->
        <test-method signature="testCreateUser()[pri:1, instance:api.test.UserTests@48fa0f47]" started-at="2023-11-05T08:14:55 IST" name="testCreateUser" finished-at="2023-11-05T08:14:59 IST" duration-ms="4203" status="PASS">
          <reporter-output>
          </reporter-output>
        </test-method> <!-- testCreateUser -->
        <test-method signature="testReadUser()[pri:2, instance:api.test.UserTests@48fa0f47]" started-at="2023-11-05T08:14:59 IST" name="testReadUser" finished-at="2023-11-05T08:15:00 IST" duration-ms="1256" status="PASS">
          <reporter-output>
          </reporter-output>
        </test-method> <!-- testReadUser -->
        <test-method signature="testUpdateUser()[pri:3, instance:api.test.UserTests@48fa0f47]" started-at="2023-11-05T08:15:00 IST" name="testUpdateUser" finished-at="2023-11-05T08:15:03 IST" duration-ms="2482" status="PASS">
          <reporter-output>
          </reporter-output>
        </test-method> <!-- testUpdateUser -->
        <test-method signature="testDeleteUser()[pri:4, instance:api.test.UserTests@48fa0f47]" started-at="2023-11-05T08:15:03 IST" name="testDeleteUser" finished-at="2023-11-05T08:15:04 IST" duration-ms="1188" status="PASS">
          <reporter-output>
          </reporter-output>
        </test-method> <!-- testDeleteUser -->
      </class> <!-- api.test.UserTests -->
    </test> <!-- PetTests -->
  </suite> <!-- PetSuite -->
</testng-results>
