<?xml version="1.0" encoding="UTF-8"?>
<testng-results ignored="0" total="4" passed="4" failed="0" skipped="0">
  <reporter-output>
  </reporter-output>
  <suite started-at="2023-11-05T11:30:35 IST" name="PetSuite" finished-at="2023-11-05T11:30:46 IST" duration-ms="11489">
    <groups>
    </groups>
    <test started-at="2023-11-05T11:30:35 IST" name="PetTests" finished-at="2023-11-05T11:30:46 IST" duration-ms="11489">
      <class name="api.test.UserTests">
        <test-method is-config="true" signature="setupData()[pri:0, instance:api.test.UserTests@68999068]" started-at="2023-11-05T11:30:35 IST" name="setupData" finished-at="2023-11-05T11:30:37 IST" duration-ms="1334" status="PASS">
          <reporter-output>
          </reporter-output>
        </test-method> <!-- setupData -->
        <test-method signature="testCreateUser()[pri:1, instance:api.test.UserTests@68999068]" started-at="2023-11-05T11:30:37 IST" name="testCreateUser" finished-at="2023-11-05T11:30:41 IST" duration-ms="4673" status="PASS">
          <reporter-output>
          </reporter-output>
        </test-method> <!-- testCreateUser -->
        <test-method signature="testReadUser()[pri:2, instance:api.test.UserTests@68999068]" started-at="2023-11-05T11:30:41 IST" name="testReadUser" finished-at="2023-11-05T11:30:42 IST" duration-ms="1248" status="PASS">
          <reporter-output>
          </reporter-output>
        </test-method> <!-- testReadUser -->
        <test-method signature="testUpdateUser()[pri:3, instance:api.test.UserTests@68999068]" started-at="2023-11-05T11:30:42 IST" name="testUpdateUser" finished-at="2023-11-05T11:30:45 IST" duration-ms="2447" status="PASS">
          <reporter-output>
          </reporter-output>
        </test-method> <!-- testUpdateUser -->
        <test-method signature="testDeleteUser()[pri:4, instance:api.test.UserTests@68999068]" started-at="2023-11-05T11:30:45 IST" name="testDeleteUser" finished-at="2023-11-05T11:30:46 IST" duration-ms="1216" status="PASS">
          <reporter-output>
          </reporter-output>
        </test-method> <!-- testDeleteUser -->
      </class> <!-- api.test.UserTests -->
    </test> <!-- PetTests -->
  </suite> <!-- PetSuite -->
</testng-results>
