<?xml version="1.0" encoding="UTF-8"?>
<testsuite xmlns:xsi="http://www.w3.org/2001/XMLSchema-instance" xsi:noNamespaceSchemaLocation="https://maven.apache.org/surefire/maven-surefire-plugin/xsd/surefire-test-report.xsd" name="TestSuite" time="12.702" tests="4" errors="0" skipped="0" failures="0">
  <properties>
[...]
</properties>
  <testcase name="testCreateUser" classname="api.test.UserTests" time="4.221"/>
  <testcase name="testReadUser" classname="api.test.UserTests" time="1.259"/>
  <testcase name="testUpdateUser" classname="api.test.UserTests" time="2.483"/>
  <testcase name="testDeleteUser" classname="api.test.UserTests" time="1.19"/>
</testsuite>