<?xml version="1.0" encoding="UTF-8"?>
<testng-results ignored="0" total="4" passed="4" failed="0" skipped="0">
  <reporter-output>
  </reporter-output>
  <suite started-at="2023-11-04T11:18:38 IST" name="PetSuite" finished-at="2023-11-04T11:18:49 IST" duration-ms="11306">
    <groups>
    </groups>
    <test started-at="2023-11-04T11:18:38 IST" name="PetTests" finished-at="2023-11-04T11:18:49 IST" duration-ms="11306">
      <class name="api.test.UserTests">
        <test-method is-config="true" signature="setupData()[pri:0, instance:api.test.UserTests@689604d9]" started-at="2023-11-04T11:18:38 IST" name="setupData" finished-at="2023-11-04T11:18:40 IST" duration-ms="1284" status="PASS">
          <reporter-output>
          </reporter-output>
        </test-method> <!-- setupData -->
        <test-method signature="testCreateUser()[pri:1, instance:api.test.UserTests@689604d9]" started-at="2023-11-04T11:18:40 IST" name="testCreateUser" finished-at="2023-11-04T11:18:44 IST" duration-ms="4526" status="PASS">
          <reporter-output>
          </reporter-output>
        </test-method> <!-- testCreateUser -->
        <test-method signature="testReadUser()[pri:2, instance:api.test.UserTests@689604d9]" started-at="2023-11-04T11:18:44 IST" name="testReadUser" finished-at="2023-11-04T11:18:46 IST" duration-ms="1278" status="PASS">
          <reporter-output>
          </reporter-output>
        </test-method> <!-- testReadUser -->
        <test-method signature="testUpdateUser()[pri:3, instance:api.test.UserTests@689604d9]" started-at="2023-11-04T11:18:46 IST" name="testUpdateUser" finished-at="2023-11-04T11:18:48 IST" duration-ms="2449" status="PASS">
          <reporter-output>
          </reporter-output>
        </test-method> <!-- testUpdateUser -->
        <test-method signature="testDeleteUser()[pri:4, instance:api.test.UserTests@689604d9]" started-at="2023-11-04T11:18:48 IST" name="testDeleteUser" finished-at="2023-11-04T11:18:49 IST" duration-ms="1185" status="PASS">
          <reporter-output>
          </reporter-output>
        </test-method> <!-- testDeleteUser -->
      </class> <!-- api.test.UserTests -->
    </test> <!-- PetTests -->
  </suite> <!-- PetSuite -->
</testng-results>
