<?xml version="1.0" encoding="UTF-8"?>
<!-- Generated by org.testng.reporters.JUnitXMLReporter -->
<testsuite ignored="0" hostname="DESKTOP-FBE7IIT" failures="0" tests="4" name="PetTests" time="10.549" errors="0" timestamp="2023-11-05T12:01:06 IST">
  <testcase classname="api.test.UserTests" name="testCreateUser" time="3.938"/>
  <testcase classname="api.test.UserTests" name="testReadUser" time="1.275"/>
  <testcase classname="api.test.UserTests" name="testUpdateUser" time="2.417"/>
  <testcase classname="api.test.UserTests" name="testDeleteUser" time="1.286"/>
</testsuite> <!-- PetTests -->
