<?xml version="1.0" encoding="UTF-8"?>
<!-- Generated by org.testng.reporters.JUnitXMLReporter -->
<testsuite ignored="0" hostname="DESKTOP-FBE7IIT" failures="0" tests="4" name="PetTests" time="11.306" errors="0" timestamp="2023-11-04T11:18:50 IST">
  <testcase classname="api.test.UserTests" name="testCreateUser" time="4.526"/>
  <testcase classname="api.test.UserTests" name="testReadUser" time="1.278"/>
  <testcase classname="api.test.UserTests" name="testUpdateUser" time="2.449"/>
  <testcase classname="api.test.UserTests" name="testDeleteUser" time="1.185"/>
</testsuite> <!-- PetTests -->
